<?xml version="1.0" encoding="UTF-8"?>
<!-- Generated by org.testng.reporters.JUnitReportReporter -->
<testsuite hostname="Satwiks-MacBook-Air.local" failures="0" tests="2" name="testcases.DataProvider" time="6.911" errors="0" timestamp="2023-09-26T09:32:31 AEST" skipped="0">
  <testcase classname="testcases.DataProvider" name="test1" time="4.422"/>
  <testcase classname="testcases.DataProvider" name="test1" time="2.489"/>
</testsuite> <!-- testcases.DataProvider -->
